🔍 Audit log initialized.
[AUDIT] admin - Admin admin logged in successfully
[AUDIT] 600 - Denied room access to 115
[AUDIT] admin - Admin admin logged in successfully
[AUDIT] admin - Activated room 115
[AUDIT] unknown - User logout
[AUDIT] admin - Admin admin logged in successfully
[AUDIT] 600 - Rejected pass 1
[AUDIT] unknown - User logout
[AUDIT] admin - Admin logout
[AUDIT] 900 - Teacher logged in successfully
[AUDIT] 900 - Teacher logout
[AUDIT] 900 - Teacher logged in successfully
[AUDIT] 900 - Updated their schedule via popup
[AUDIT] 900 - Teacher logout
[AUDIT] admin - Admin admin logged in successfully
[AUDIT] 600 - Rejected pass 1
[AUDIT] admin - Deactivated room 115
[AUDIT] admin - Activated room 115
[AUDIT] admin - Deactivated room 115
[AUDIT] admin - Admin logout
[AUDIT] 900 - Teacher logged in successfully
[AUDIT] admin - Activated room 115
[AUDIT] 600 - Approved pass 1
[AUDIT] 600 - Returned pass 1 at room
[AUDIT] 600 - Rejected pass 2
[AUDIT] 900 - Teacher logged in successfully
[AUDIT] admin - Deactivated room 115
[AUDIT] admin - Activated room 115
[AUDIT] 900 - Teacher logout
[AUDIT] 900 - Teacher logged in successfully
[AUDIT] admin - Deactivated room 115
[AUDIT] admin - Activated room 115
[AUDIT] 900 - Teacher logout
[AUDIT] 600 - Student logout
[AUDIT] admin - Admin admin logged in successfully
[AUDIT] admin - Deactivated room 115
[AUDIT] 600 - Student logout
[AUDIT] admin - Admin logout
[AUDIT] admin - Admin admin logged in successfully
[AUDIT] admin - Activated room 115
[AUDIT] admin - Activated room Bathroom
[AUDIT] admin - Activated room Guidance
[AUDIT] 600 - Approved pass 2
[AUDIT] 600 - IN at Bathroom
[AUDIT] 600 - OUT at Bathroom
[AUDIT] 600 - Returned pass 2 at room
[AUDIT] admin - Deactivated room 115
[AUDIT] admin - Deactivated room Bathroom
[AUDIT] admin - Deactivated room Guidance
[AUDIT] admin - Failed admin login by admin
[AUDIT] admin - Admin admin logged in successfully
[AUDIT] admin - Activated room 115
[AUDIT] admin - Admin logout
[AUDIT] admin - Admin admin logged in successfully
[AUDIT] admin - Admin Admin logged in successfully
[AUDIT] 600 - Checked out from classroom 115
[AUDIT] 600 - Returned pass 3 at room
[AUDIT] 900 - Teacher logged in successfully
[AUDIT] admin - Deactivated room 115
[AUDIT] 900 - Teacher logged in successfully
[AUDIT] 900 - Teacher logged in successfully
[AUDIT] 900 - Teacher logout
[AUDIT] 900 - Teacher logged in successfully
[AUDIT] 900 - Updated their schedule via popup
[AUDIT] 900 - Updated their schedule via popup
[AUDIT] 900 - Teacher logged in successfully
[AUDIT] 900 - Updated their schedule via popup
[AUDIT] 900 - Updated their schedule via popup
[AUDIT] admin - Admin admin logged in successfully
[AUDIT] admin - Activated room 115
[AUDIT] admin - Activated room Bathroom
[AUDIT] 600 - Approved pass 4
[AUDIT] 600 - Returned pass 4 at room
[AUDIT] 600 - Rejected pass 5
[AUDIT] 600 - Approved pass 5
[AUDIT] 600 - Returned pass 5 at room
[AUDIT] 600 - Rejected pass 6
[AUDIT] 600 - Approved pass 6
[AUDIT] 600 - Returned pass 6 at room
[AUDIT] 600 - Rejected pass 7
[AUDIT] 600 - Student logout
[AUDIT] 900 - Teacher logged in successfully
[AUDIT] admin - Admin logout
[AUDIT] 600 - Approved pass 7
[AUDIT] 600 - Returned pass 7 at room
[AUDIT] 600 - Approved pass 8
[AUDIT] 600 - Returned pass 8 at room
[AUDIT] 600 - Approved pass 9
[AUDIT] 600 - Returned pass 9 at room
[AUDIT] 900 - Teacher logout
[AUDIT] 600 - Student logout
[AUDIT] admin - Admin admin logged in successfully
[AUDIT] 600 - Approved pass 10
[AUDIT] 600 - Returned pass 10 at room
[AUDIT] 600 - Rejected pass 11
[AUDIT] 600 - Approved pass 11
[AUDIT] 600 - Returned pass 11 at room
[AUDIT] 600 - Approved pass 12
[AUDIT] 600 - Returned pass 12 at room
[AUDIT] 600 - Rejected pass 13
[AUDIT] 600 - Rejected pass 13
[AUDIT] 600 - Approved pass 13
[AUDIT] 600 - Returned pass 13 at room
[AUDIT] admin - Deactivated room 115
[AUDIT] admin - Deactivated room Bathroom
[AUDIT] 600 - Student logout
[AUDIT] admin - Admin admin logged in successfully
[AUDIT] admin - Admin logout
[AUDIT] 600 - Student logout
